c:\users\gc1809\documents\制作物\3d action\tkengine\x64\release_low\tkengine.pch
c:\users\gc1809\documents\制作物\3d action\tkengine\x64\release_low\tkengine.pdb
c:\users\gc1809\documents\制作物\3d action\tkengine\x64\release_low\tkengineprecompile.obj
c:\users\gc1809\documents\制作物\3d action\tkengine\x64\release_low\tkspriterender.obj
c:\users\gc1809\documents\制作物\3d action\tkengine\x64\release_low\tksprite.obj
c:\users\gc1809\documents\制作物\3d action\tkengine\x64\release_low\tkgameobjectmanager.obj
c:\users\gc1809\documents\制作物\3d action\tkengine\x64\release_low\tktransform.obj
c:\users\gc1809\documents\制作物\3d action\tkengine\x64\release_low\tkgameobject.obj
c:\users\gc1809\documents\制作物\3d action\tkengine\x64\release_low\tkvectorrender.obj
c:\users\gc1809\documents\制作物\3d action\tkengine\x64\release_low\tkobjectfrustumculling.obj
c:\users\gc1809\documents\制作物\3d action\tkengine\x64\release_low\tkcharactercontroller.obj
c:\users\gc1809\documents\制作物\3d action\tkengine\x64\release_low\tkspringcamera.obj
c:\users\gc1809\documents\制作物\3d action\tkengine\x64\release_low\tkcameracollisionsolver.obj
c:\users\gc1809\documents\制作物\3d action\tkengine\x64\release_low\tkwavefilebank.obj
c:\users\gc1809\documents\制作物\3d action\tkengine\x64\release_low\tkwavefile.obj
c:\users\gc1809\documents\制作物\3d action\tkengine\x64\release_low\tksoundsource.obj
c:\users\gc1809\documents\制作物\3d action\tkengine\x64\release_low\tksoundengine.obj
c:\users\gc1809\documents\制作物\3d action\tkengine\x64\release_low\tkshaderresources.obj
c:\users\gc1809\documents\制作物\3d action\tkengine\x64\release_low\tkdirectxmodelresource.obj
c:\users\gc1809\documents\制作物\3d action\tkengine\x64\release_low\tkpad.obj
c:\users\gc1809\documents\制作物\3d action\tkengine\x64\release_low\tkhud.obj
c:\users\gc1809\documents\制作物\3d action\tkengine\x64\release_low\tkhudnode_sprite.obj
c:\users\gc1809\documents\制作物\3d action\tkengine\x64\release_low\tkhudnode_font.obj
c:\users\gc1809\documents\制作物\3d action\tkengine\x64\release_low\tktonemap.obj
c:\users\gc1809\documents\制作物\3d action\tkengine\x64\release_low\tkscreenspacereflection.obj
c:\users\gc1809\documents\制作物\3d action\tkengine\x64\release_low\tkposteffect.obj
c:\users\gc1809\documents\制作物\3d action\tkengine\x64\release_low\tkfxaa.obj
c:\users\gc1809\documents\制作物\3d action\tkengine\x64\release_low\tkdithering.obj
c:\users\gc1809\documents\制作物\3d action\tkengine\x64\release_low\tkbloom.obj
c:\users\gc1809\documents\制作物\3d action\tkengine\x64\release_low\tkfont.obj
c:\users\gc1809\documents\制作物\3d action\tkengine\x64\release_low\tkeffectengine.obj
c:\users\gc1809\documents\制作物\3d action\tkengine\x64\release_low\tkeffect.obj
c:\users\gc1809\documents\制作物\3d action\tkengine\x64\release_low\tkanimationplaycontroller.obj
c:\users\gc1809\documents\制作物\3d action\tkengine\x64\release_low\tkanimationclip.obj
c:\users\gc1809\documents\制作物\3d action\tkengine\x64\release_low\tkanimation.obj
c:\users\gc1809\documents\制作物\3d action\tkengine\x64\release_low\tkanimationfootik.obj
c:\users\gc1809\documents\制作物\3d action\tkengine\x64\release_low\tkunorderedaccessview.obj
c:\users\gc1809\documents\制作物\3d action\tkengine\x64\release_low\tkshaderresourceview.obj
c:\users\gc1809\documents\制作物\3d action\tkengine\x64\release_low\tkvertexbuffer.obj
c:\users\gc1809\documents\制作物\3d action\tkengine\x64\release_low\tkstructuredbuffer.obj
c:\users\gc1809\documents\制作物\3d action\tkengine\x64\release_low\tkindexbuffer.obj
c:\users\gc1809\documents\制作物\3d action\tkengine\x64\release_low\tkgpubuffer.obj
c:\users\gc1809\documents\制作物\3d action\tkengine\x64\release_low\tkconstantbuffer.obj
c:\users\gc1809\documents\制作物\3d action\tkengine\x64\release_low\tkskinmodeldata.obj
c:\users\gc1809\documents\制作物\3d action\tkengine\x64\release_low\tkskinmodel.obj
c:\users\gc1809\documents\制作物\3d action\tkengine\x64\release_low\tkskeleton.obj
c:\users\gc1809\documents\制作物\3d action\tkengine\x64\release_low\tkshadowblur.obj
c:\users\gc1809\documents\制作物\3d action\tkengine\x64\release_low\tkshader.obj
c:\users\gc1809\documents\制作物\3d action\tkengine\x64\release_low\tksamplerstate.obj
c:\users\gc1809\documents\制作物\3d action\tkengine\x64\release_low\tkrendertarget.obj
c:\users\gc1809\documents\制作物\3d action\tkengine\x64\release_low\tkrendercontext.obj
c:\users\gc1809\documents\制作物\3d action\tkengine\x64\release_low\tkprimitive.obj
c:\users\gc1809\documents\制作物\3d action\tkengine\x64\release_low\tkpresetsamplerstate.obj
c:\users\gc1809\documents\制作物\3d action\tkengine\x64\release_low\tkpresetrenderstate.obj
c:\users\gc1809\documents\制作物\3d action\tkengine\x64\release_low\tkgraphicsengine.obj
c:\users\gc1809\documents\制作物\3d action\tkengine\x64\release_low\tkgpueventmarker.obj
c:\users\gc1809\documents\制作物\3d action\tkengine\x64\release_low\tkcamera.obj
c:\users\gc1809\documents\制作物\3d action\tkengine\x64\release_low\tkblur.obj
c:\users\gc1809\documents\制作物\3d action\tkengine\x64\release_low\tkshadowmap.obj
c:\users\gc1809\documents\制作物\3d action\tkengine\x64\release_low\tkshadowcaster.obj
c:\users\gc1809\documents\制作物\3d action\tkengine\x64\release_low\tkprerender.obj
c:\users\gc1809\documents\制作物\3d action\tkengine\x64\release_low\tklightculling.obj
c:\users\gc1809\documents\制作物\3d action\tkengine\x64\release_low\tkgbufferrender.obj
c:\users\gc1809\documents\制作物\3d action\tkengine\x64\release_low\tkrigidbody.obj
c:\users\gc1809\documents\制作物\3d action\tkengine\x64\release_low\tkphysicsstaticobject.obj
c:\users\gc1809\documents\制作物\3d action\tkengine\x64\release_low\tkphysicsghostobject.obj
c:\users\gc1809\documents\制作物\3d action\tkengine\x64\release_low\tkphysicsdebugdraw.obj
c:\users\gc1809\documents\制作物\3d action\tkengine\x64\release_low\tkphysics.obj
c:\users\gc1809\documents\制作物\3d action\tkengine\x64\release_low\tkmeshcollider.obj
c:\users\gc1809\documents\制作物\3d action\tkengine\x64\release_low\tkcapsulecollider.obj
c:\users\gc1809\documents\制作物\3d action\tkengine\x64\release_low\tkboxcollider.obj
c:\users\gc1809\documents\制作物\3d action\tkengine\x64\release_low\tkvector.obj
c:\users\gc1809\documents\制作物\3d action\tkengine\x64\release_low\tkmatrix.obj
c:\users\gc1809\documents\制作物\3d action\tkengine\x64\release_low\tkmath.obj
c:\users\gc1809\documents\制作物\3d action\tkengine\x64\release_low\tkbox.obj
c:\users\gc1809\documents\制作物\3d action\tkengine\x64\release_low\tkaabb.obj
c:\users\gc1809\documents\制作物\3d action\tkengine\x64\release_low\tkpointlight.obj
c:\users\gc1809\documents\制作物\3d action\tkengine\x64\release_low\tklightmanager.obj
c:\users\gc1809\documents\制作物\3d action\tkengine\x64\release_low\tklightbase.obj
c:\users\gc1809\documents\制作物\3d action\tkengine\x64\release_low\tkdirectionlight.obj
c:\users\gc1809\documents\制作物\3d action\tkengine\x64\release_low\tkmapchip.obj
c:\users\gc1809\documents\制作物\3d action\tkengine\x64\release_low\tklevel.obj
c:\users\gc1809\documents\制作物\3d action\tkengine\x64\release_low\tkskinmodelrender.obj
c:\users\gc1809\documents\制作物\3d action\tkengine\x64\release_low\tkengine.obj
c:\users\gc1809\documents\制作物\3d action\tkengine\x64\release_low\tkrandom.obj
c:\users\gc1809\documents\制作物\3d action\tkengine\x64\release_low\tkspherecollider.obj
c:\users\gc1809\desktop\git\kg_action\3d action\tkengine\x64\release_low\tkengine.pch
c:\users\gc1809\desktop\git\kg_action\3d action\tkengine\x64\release_low\tkengine.pdb
c:\users\gc1809\desktop\git\kg_action\3d action\tkengine\x64\release_low\tkengineprecompile.obj
c:\users\gc1809\desktop\git\kg_action\3d action\tkengine\x64\release_low\tkindexbuffer.obj
c:\users\gc1809\desktop\git\kg_action\3d action\tkengine\x64\release_low\tkgpubuffer.obj
c:\users\gc1809\desktop\git\kg_action\3d action\tkengine\x64\release_low\tkconstantbuffer.obj
c:\users\gc1809\desktop\git\kg_action\3d action\tkengine\x64\release_low\tkfont.obj
c:\users\gc1809\desktop\git\kg_action\3d action\tkengine\x64\release_low\tkeffectengine.obj
c:\users\gc1809\desktop\git\kg_action\3d action\tkengine\x64\release_low\tkeffect.obj
c:\users\gc1809\desktop\git\kg_action\3d action\tkengine\x64\release_low\tkanimationplaycontroller.obj
c:\users\gc1809\desktop\git\kg_action\3d action\tkengine\x64\release_low\tkanimationclip.obj
c:\users\gc1809\desktop\git\kg_action\3d action\tkengine\x64\release_low\tkanimation.obj
c:\users\gc1809\desktop\git\kg_action\3d action\tkengine\x64\release_low\tkanimationfootik.obj
c:\users\gc1809\desktop\git\kg_action\3d action\tkengine\x64\release_low\tkspriterender.obj
c:\users\gc1809\desktop\git\kg_action\3d action\tkengine\x64\release_low\tksprite.obj
c:\users\gc1809\desktop\git\kg_action\3d action\tkengine\x64\release_low\tktransform.obj
c:\users\gc1809\desktop\git\kg_action\3d action\tkengine\x64\release_low\tkgameobjectmanager.obj
c:\users\gc1809\desktop\git\kg_action\3d action\tkengine\x64\release_low\tkgameobject.obj
c:\users\gc1809\desktop\git\kg_action\3d action\tkengine\x64\release_low\tkvectorrender.obj
c:\users\gc1809\desktop\git\kg_action\3d action\tkengine\x64\release_low\tkobjectfrustumculling.obj
c:\users\gc1809\desktop\git\kg_action\3d action\tkengine\x64\release_low\tkcharactercontroller.obj
c:\users\gc1809\desktop\git\kg_action\3d action\tkengine\x64\release_low\tkspringcamera.obj
c:\users\gc1809\desktop\git\kg_action\3d action\tkengine\x64\release_low\tkcameracollisionsolver.obj
c:\users\gc1809\desktop\git\kg_action\3d action\tkengine\x64\release_low\tkpresetrenderstate.obj
c:\users\gc1809\desktop\git\kg_action\3d action\tkengine\x64\release_low\tkgraphicsengine.obj
c:\users\gc1809\desktop\git\kg_action\3d action\tkengine\x64\release_low\tkgpueventmarker.obj
c:\users\gc1809\desktop\git\kg_action\3d action\tkengine\x64\release_low\tkcamera.obj
c:\users\gc1809\desktop\git\kg_action\3d action\tkengine\x64\release_low\tkblur.obj
c:\users\gc1809\desktop\git\kg_action\3d action\tkengine\x64\release_low\tkshadowmap.obj
c:\users\gc1809\desktop\git\kg_action\3d action\tkengine\x64\release_low\tkshadowcaster.obj
c:\users\gc1809\desktop\git\kg_action\3d action\tkengine\x64\release_low\tkprerender.obj
c:\users\gc1809\desktop\git\kg_action\3d action\tkengine\x64\release_low\tklightculling.obj
c:\users\gc1809\desktop\git\kg_action\3d action\tkengine\x64\release_low\tkgbufferrender.obj
c:\users\gc1809\desktop\git\kg_action\3d action\tkengine\x64\release_low\tktonemap.obj
c:\users\gc1809\desktop\git\kg_action\3d action\tkengine\x64\release_low\tkscreenspacereflection.obj
c:\users\gc1809\desktop\git\kg_action\3d action\tkengine\x64\release_low\tkposteffect.obj
c:\users\gc1809\desktop\git\kg_action\3d action\tkengine\x64\release_low\tkfxaa.obj
c:\users\gc1809\desktop\git\kg_action\3d action\tkengine\x64\release_low\tkdithering.obj
c:\users\gc1809\desktop\git\kg_action\3d action\tkengine\x64\release_low\tkbloom.obj
c:\users\gc1809\desktop\git\kg_action\3d action\tkengine\x64\release_low\tkunorderedaccessview.obj
c:\users\gc1809\desktop\git\kg_action\3d action\tkengine\x64\release_low\tkshaderresourceview.obj
c:\users\gc1809\desktop\git\kg_action\3d action\tkengine\x64\release_low\tkvertexbuffer.obj
c:\users\gc1809\desktop\git\kg_action\3d action\tkengine\x64\release_low\tkstructuredbuffer.obj
c:\users\gc1809\desktop\git\kg_action\3d action\tkengine\x64\release_low\tklightmanager.obj
c:\users\gc1809\desktop\git\kg_action\3d action\tkengine\x64\release_low\tklightbase.obj
c:\users\gc1809\desktop\git\kg_action\3d action\tkengine\x64\release_low\tkdirectionlight.obj
c:\users\gc1809\desktop\git\kg_action\3d action\tkengine\x64\release_low\tkmapchip.obj
c:\users\gc1809\desktop\git\kg_action\3d action\tkengine\x64\release_low\tklevel.obj
c:\users\gc1809\desktop\git\kg_action\3d action\tkengine\x64\release_low\tkpad.obj
c:\users\gc1809\desktop\git\kg_action\3d action\tkengine\x64\release_low\tkhud.obj
c:\users\gc1809\desktop\git\kg_action\3d action\tkengine\x64\release_low\tkhudnode_sprite.obj
c:\users\gc1809\desktop\git\kg_action\3d action\tkengine\x64\release_low\tkhudnode_font.obj
c:\users\gc1809\desktop\git\kg_action\3d action\tkengine\x64\release_low\tkskinmodelrender.obj
c:\users\gc1809\desktop\git\kg_action\3d action\tkengine\x64\release_low\tkskinmodeldata.obj
c:\users\gc1809\desktop\git\kg_action\3d action\tkengine\x64\release_low\tkskinmodel.obj
c:\users\gc1809\desktop\git\kg_action\3d action\tkengine\x64\release_low\tkskeleton.obj
c:\users\gc1809\desktop\git\kg_action\3d action\tkengine\x64\release_low\tkshadowblur.obj
c:\users\gc1809\desktop\git\kg_action\3d action\tkengine\x64\release_low\tkshader.obj
c:\users\gc1809\desktop\git\kg_action\3d action\tkengine\x64\release_low\tksamplerstate.obj
c:\users\gc1809\desktop\git\kg_action\3d action\tkengine\x64\release_low\tkrendertarget.obj
c:\users\gc1809\desktop\git\kg_action\3d action\tkengine\x64\release_low\tkrendercontext.obj
c:\users\gc1809\desktop\git\kg_action\3d action\tkengine\x64\release_low\tkprimitive.obj
c:\users\gc1809\desktop\git\kg_action\3d action\tkengine\x64\release_low\tkpresetsamplerstate.obj
c:\users\gc1809\desktop\git\kg_action\3d action\tkengine\x64\release_low\tksoundsource.obj
c:\users\gc1809\desktop\git\kg_action\3d action\tkengine\x64\release_low\tksoundengine.obj
c:\users\gc1809\desktop\git\kg_action\3d action\tkengine\x64\release_low\tkshaderresources.obj
c:\users\gc1809\desktop\git\kg_action\3d action\tkengine\x64\release_low\tkdirectxmodelresource.obj
c:\users\gc1809\desktop\git\kg_action\3d action\tkengine\x64\release_low\tkrandom.obj
c:\users\gc1809\desktop\git\kg_action\3d action\tkengine\x64\release_low\tkspherecollider.obj
c:\users\gc1809\desktop\git\kg_action\3d action\tkengine\x64\release_low\tkrigidbody.obj
c:\users\gc1809\desktop\git\kg_action\3d action\tkengine\x64\release_low\tkphysicsstaticobject.obj
c:\users\gc1809\desktop\git\kg_action\3d action\tkengine\x64\release_low\tkphysicsghostobject.obj
c:\users\gc1809\desktop\git\kg_action\3d action\tkengine\x64\release_low\tkphysicsdebugdraw.obj
c:\users\gc1809\desktop\git\kg_action\3d action\tkengine\x64\release_low\tkphysics.obj
c:\users\gc1809\desktop\git\kg_action\3d action\tkengine\x64\release_low\tkmeshcollider.obj
c:\users\gc1809\desktop\git\kg_action\3d action\tkengine\x64\release_low\tkcapsulecollider.obj
c:\users\gc1809\desktop\git\kg_action\3d action\tkengine\x64\release_low\tkboxcollider.obj
c:\users\gc1809\desktop\git\kg_action\3d action\tkengine\x64\release_low\tkvector.obj
c:\users\gc1809\desktop\git\kg_action\3d action\tkengine\x64\release_low\tkmatrix.obj
c:\users\gc1809\desktop\git\kg_action\3d action\tkengine\x64\release_low\tkmath.obj
c:\users\gc1809\desktop\git\kg_action\3d action\tkengine\x64\release_low\tkbox.obj
c:\users\gc1809\desktop\git\kg_action\3d action\tkengine\x64\release_low\tkaabb.obj
c:\users\gc1809\desktop\git\kg_action\3d action\tkengine\x64\release_low\tkpointlight.obj
c:\users\gc1809\desktop\git\kg_action\3d action\tkengine\x64\release_low\tkengine.obj
c:\users\gc1809\desktop\git\kg_action\3d action\tkengine\x64\release_low\tkwavefilebank.obj
c:\users\gc1809\desktop\git\kg_action\3d action\tkengine\x64\release_low\tkwavefile.obj
c:\users\gc1809\documents\制作物\3d action\game\x64\release_low\tkengine.lib
c:\users\gc1809\desktop\git\kg_action\3d action\game\x64\release_low\tkengine.lib
c:\users\gc1809\documents\制作物\3d action\game\assets\modeldata\preset\vector.cmo
c:\users\gc1809\documents\制作物\3d action\game\assets\modeldata\preset\_program files (x86)_microsoft visual studio_2017_community_common7_ide_extensions_microsoft_vsgraphics_assets_effects_phong.dgsl.cso
c:\users\gc1809\documents\制作物\3d action\game\assets\modeldata\preset\_users_gc1809_documents_制作物_3d action_tkengine_assets_modeldata_preset_vectorcolor.png.dds
c:\users\gc1809\documents\制作物\3d action\game\assets\modeldata\preset\_users_gc1809_documents_制作物_3d action_tkengine_assets_modeldata_preset_vectorcolor2.png.dds
c:\users\gc1809\desktop\git\kg_action\3d action\game\assets\modeldata\preset\vector.cmo
c:\users\gc1809\desktop\git\kg_action\3d action\game\assets\modeldata\preset\_program files (x86)_microsoft visual studio_2017_community_common7_ide_extensions_microsoft_vsgraphics_assets_effects_phong.dgsl.cso
c:\users\gc1809\desktop\git\kg_action\3d action\game\assets\modeldata\preset\_users_gc1809_desktop_git_kg__action_3d action_tkengine_assets_modeldata_preset_vectorcolor.png.dds
c:\users\gc1809\desktop\git\kg_action\3d action\game\assets\modeldata\preset\_users_gc1809_desktop_git_kg__action_3d action_tkengine_assets_modeldata_preset_vectorcolor2.png.dds
c:\users\gc1809\desktop\git\kg_action\3d action\tkengine\x64\release_low\tkengine.tlog\cl.command.1.tlog
c:\users\gc1809\desktop\git\kg_action\3d action\tkengine\x64\release_low\tkengine.tlog\cl.read.1.tlog
c:\users\gc1809\desktop\git\kg_action\3d action\tkengine\x64\release_low\tkengine.tlog\cl.write.1.tlog
c:\users\gc1809\desktop\git\kg_action\3d action\tkengine\x64\release_low\tkengine.tlog\lib.14240-link.read.1.tlog
c:\users\gc1809\desktop\git\kg_action\3d action\tkengine\x64\release_low\tkengine.tlog\lib.14240-link.write.1.tlog
c:\users\gc1809\desktop\git\kg_action\3d action\tkengine\x64\release_low\tkengine.tlog\lib.command.1.tlog
c:\users\gc1809\desktop\git\kg_action\3d action\tkengine\x64\release_low\tkengine.tlog\meshcontenttask-vsgraphics.12564.read.1.tlog
c:\users\gc1809\desktop\git\kg_action\3d action\tkengine\x64\release_low\tkengine.tlog\meshcontenttask-vsgraphics.12564.write.1.tlog
c:\users\gc1809\desktop\git\kg_action\3d action\tkengine\x64\release_low\tkengine.tlog\meshcontenttask-vsgraphics.read.1.tlog
c:\users\gc1809\desktop\git\kg_action\3d action\tkengine\x64\release_low\tkengine.tlog\meshcontenttask-vsgraphics.write.1.tlog
