c:\users\gc1809\desktop\gametemplate\tkengine\x64\debug_low\tkengine.pdb
c:\users\gc1809\desktop\gametemplate\tkengine\x64\debug_low\tkengine.idb
c:\users\gc1809\desktop\gametemplate\tkengine\x64\debug_low\tkphysicsghostobject.obj
c:\users\gc1809\desktop\gametemplate\tkengine\x64\debug_low\tkboxcollider.obj
c:\users\gc1809\desktop\gametemplate\tkengine\x64\debug_low\tkengine.pch
c:\users\gc1809\desktop\gametemplate\tkengine\x64\debug_low\tkengineprecompile.obj
c:\users\gc1809\desktop\gametemplate\tkengine\x64\debug_low\tkspriterender.obj
c:\users\gc1809\desktop\gametemplate\tkengine\x64\debug_low\tksprite.obj
c:\users\gc1809\desktop\gametemplate\tkengine\x64\debug_low\tkgameobjectmanager.obj
c:\users\gc1809\desktop\gametemplate\tkengine\x64\debug_low\tktransform.obj
c:\users\gc1809\desktop\gametemplate\tkengine\x64\debug_low\tkgameobject.obj
c:\users\gc1809\desktop\gametemplate\tkengine\x64\debug_low\tkvectorrender.obj
c:\users\gc1809\desktop\gametemplate\tkengine\x64\debug_low\tkobjectfrustumculling.obj
c:\users\gc1809\desktop\gametemplate\tkengine\x64\debug_low\tkcharactercontroller.obj
c:\users\gc1809\desktop\gametemplate\tkengine\x64\debug_low\tkspringcamera.obj
c:\users\gc1809\desktop\gametemplate\tkengine\x64\debug_low\tkcameracollisionsolver.obj
c:\users\gc1809\desktop\gametemplate\tkengine\x64\debug_low\tkwavefilebank.obj
c:\users\gc1809\desktop\gametemplate\tkengine\x64\debug_low\tkwavefile.obj
c:\users\gc1809\desktop\gametemplate\tkengine\x64\debug_low\tksoundsource.obj
c:\users\gc1809\desktop\gametemplate\tkengine\x64\debug_low\tksoundengine.obj
c:\users\gc1809\desktop\gametemplate\tkengine\x64\debug_low\tkshaderresources.obj
c:\users\gc1809\desktop\gametemplate\tkengine\x64\debug_low\tkdirectxmodelresource.obj
c:\users\gc1809\desktop\gametemplate\tkengine\x64\debug_low\tkpad.obj
c:\users\gc1809\desktop\gametemplate\tkengine\x64\debug_low\tkhud.obj
c:\users\gc1809\desktop\gametemplate\tkengine\x64\debug_low\tkhudnode_sprite.obj
c:\users\gc1809\desktop\gametemplate\tkengine\x64\debug_low\tkhudnode_font.obj
c:\users\gc1809\desktop\gametemplate\tkengine\x64\debug_low\tktonemap.obj
c:\users\gc1809\desktop\gametemplate\tkengine\x64\debug_low\tkscreenspacereflection.obj
c:\users\gc1809\desktop\gametemplate\tkengine\x64\debug_low\tkposteffect.obj
c:\users\gc1809\desktop\gametemplate\tkengine\x64\debug_low\tkfxaa.obj
c:\users\gc1809\desktop\gametemplate\tkengine\x64\debug_low\tkdithering.obj
c:\users\gc1809\desktop\gametemplate\tkengine\x64\debug_low\tkbloom.obj
c:\users\gc1809\desktop\gametemplate\tkengine\x64\debug_low\tkfont.obj
c:\users\gc1809\desktop\gametemplate\tkengine\x64\debug_low\tkeffectengine.obj
c:\users\gc1809\desktop\gametemplate\tkengine\x64\debug_low\tkeffect.obj
c:\users\gc1809\desktop\gametemplate\tkengine\x64\debug_low\tkanimationplaycontroller.obj
c:\users\gc1809\desktop\gametemplate\tkengine\x64\debug_low\tkanimationclip.obj
c:\users\gc1809\desktop\gametemplate\tkengine\x64\debug_low\tkanimation.obj
c:\users\gc1809\desktop\gametemplate\tkengine\x64\debug_low\tkanimationfootik.obj
c:\users\gc1809\desktop\gametemplate\tkengine\x64\debug_low\tkunorderedaccessview.obj
c:\users\gc1809\desktop\gametemplate\tkengine\x64\debug_low\tkshaderresourceview.obj
c:\users\gc1809\desktop\gametemplate\tkengine\x64\debug_low\tkvertexbuffer.obj
c:\users\gc1809\desktop\gametemplate\tkengine\x64\debug_low\tkstructuredbuffer.obj
c:\users\gc1809\desktop\gametemplate\tkengine\x64\debug_low\tkindexbuffer.obj
c:\users\gc1809\desktop\gametemplate\tkengine\x64\debug_low\tkgpubuffer.obj
c:\users\gc1809\desktop\gametemplate\tkengine\x64\debug_low\tkconstantbuffer.obj
c:\users\gc1809\desktop\gametemplate\tkengine\x64\debug_low\tkskinmodeldata.obj
c:\users\gc1809\desktop\gametemplate\tkengine\x64\debug_low\tkskinmodel.obj
c:\users\gc1809\desktop\gametemplate\tkengine\x64\debug_low\tkskeleton.obj
c:\users\gc1809\desktop\gametemplate\tkengine\x64\debug_low\tkshadowblur.obj
c:\users\gc1809\desktop\gametemplate\tkengine\x64\debug_low\tkshader.obj
c:\users\gc1809\desktop\gametemplate\tkengine\x64\debug_low\tksamplerstate.obj
c:\users\gc1809\desktop\gametemplate\tkengine\x64\debug_low\tkrendertarget.obj
c:\users\gc1809\desktop\gametemplate\tkengine\x64\debug_low\tkrendercontext.obj
c:\users\gc1809\desktop\gametemplate\tkengine\x64\debug_low\tkprimitive.obj
c:\users\gc1809\desktop\gametemplate\tkengine\x64\debug_low\tkpresetsamplerstate.obj
c:\users\gc1809\desktop\gametemplate\tkengine\x64\debug_low\tkpresetrenderstate.obj
c:\users\gc1809\desktop\gametemplate\tkengine\x64\debug_low\tkgraphicsengine.obj
c:\users\gc1809\desktop\gametemplate\tkengine\x64\debug_low\tkgpueventmarker.obj
c:\users\gc1809\desktop\gametemplate\tkengine\x64\debug_low\tkcamera.obj
c:\users\gc1809\desktop\gametemplate\tkengine\x64\debug_low\tkblur.obj
c:\users\gc1809\desktop\gametemplate\tkengine\x64\debug_low\tkshadowmap.obj
c:\users\gc1809\desktop\gametemplate\tkengine\x64\debug_low\tkshadowcaster.obj
c:\users\gc1809\desktop\gametemplate\tkengine\x64\debug_low\tkprerender.obj
c:\users\gc1809\desktop\gametemplate\tkengine\x64\debug_low\tklightculling.obj
c:\users\gc1809\desktop\gametemplate\tkengine\x64\debug_low\tkgbufferrender.obj
c:\users\gc1809\desktop\gametemplate\tkengine\x64\debug_low\tkrigidbody.obj
c:\users\gc1809\desktop\gametemplate\tkengine\x64\debug_low\tkphysicsstaticobject.obj
c:\users\gc1809\desktop\gametemplate\tkengine\x64\debug_low\tkphysicsdebugdraw.obj
c:\users\gc1809\desktop\gametemplate\tkengine\x64\debug_low\tkphysics.obj
c:\users\gc1809\desktop\gametemplate\tkengine\x64\debug_low\tkmeshcollider.obj
c:\users\gc1809\desktop\gametemplate\tkengine\x64\debug_low\tkcapsulecollider.obj
c:\users\gc1809\desktop\gametemplate\tkengine\x64\debug_low\tkvector.obj
c:\users\gc1809\desktop\gametemplate\tkengine\x64\debug_low\tkmatrix.obj
c:\users\gc1809\desktop\gametemplate\tkengine\x64\debug_low\tkmath.obj
c:\users\gc1809\desktop\gametemplate\tkengine\x64\debug_low\tkbox.obj
c:\users\gc1809\desktop\gametemplate\tkengine\x64\debug_low\tkaabb.obj
c:\users\gc1809\desktop\gametemplate\tkengine\x64\debug_low\tkpointlight.obj
c:\users\gc1809\desktop\gametemplate\tkengine\x64\debug_low\tklightmanager.obj
c:\users\gc1809\desktop\gametemplate\tkengine\x64\debug_low\tklightbase.obj
c:\users\gc1809\desktop\gametemplate\tkengine\x64\debug_low\tkdirectionlight.obj
c:\users\gc1809\desktop\gametemplate\tkengine\x64\debug_low\tkmapchip.obj
c:\users\gc1809\desktop\gametemplate\tkengine\x64\debug_low\tklevel.obj
c:\users\gc1809\desktop\gametemplate\tkengine\x64\debug_low\tkskinmodelrender.obj
c:\users\gc1809\desktop\gametemplate\tkengine\x64\debug_low\tkengine.obj
c:\users\gc1809\desktop\gametemplate\tkengine\x64\debug_low\tkrandom.obj
c:\users\gc1809\desktop\gametemplate\tkengine\x64\debug_low\tkspherecollider.obj
c:\users\gc1809\desktop\gametemplate\game\x64\debug_low\tkengine.lib
c:\users\gc1809\desktop\gametemplate\game\assets\modeldata\preset\vector.cmo
c:\users\gc1809\desktop\gametemplate\game\assets\modeldata\preset\_program files (x86)_microsoft visual studio_2017_community_common7_ide_extensions_microsoft_vsgraphics_assets_effects_phong.dgsl.cso
c:\users\gc1809\desktop\gametemplate\game\assets\modeldata\preset\_users_gc1809_desktop_gametemplate_tkengine_assets_modeldata_preset_vectorcolor.png.dds
c:\users\gc1809\desktop\gametemplate\game\assets\modeldata\preset\_users_gc1809_desktop_gametemplate_tkengine_assets_modeldata_preset_vectorcolor2.png.dds
c:\users\gc1809\desktop\gametemplate\tkengine\x64\debug_low\tkengine.tlog\cl.command.1.tlog
c:\users\gc1809\desktop\gametemplate\tkengine\x64\debug_low\tkengine.tlog\cl.read.1.tlog
c:\users\gc1809\desktop\gametemplate\tkengine\x64\debug_low\tkengine.tlog\cl.write.1.tlog
c:\users\gc1809\desktop\gametemplate\tkengine\x64\debug_low\tkengine.tlog\lib.10236-link.read.1.tlog
c:\users\gc1809\desktop\gametemplate\tkengine\x64\debug_low\tkengine.tlog\lib.10236-link.write.1.tlog
c:\users\gc1809\desktop\gametemplate\tkengine\x64\debug_low\tkengine.tlog\lib.command.1.tlog
c:\users\gc1809\desktop\gametemplate\tkengine\x64\debug_low\tkengine.tlog\meshcontenttask-vsgraphics.10008.read.1.tlog
c:\users\gc1809\desktop\gametemplate\tkengine\x64\debug_low\tkengine.tlog\meshcontenttask-vsgraphics.10008.write.1.tlog
c:\users\gc1809\desktop\gametemplate\tkengine\x64\debug_low\tkengine.tlog\meshcontenttask-vsgraphics.15176.read.1.tlog
c:\users\gc1809\desktop\gametemplate\tkengine\x64\debug_low\tkengine.tlog\meshcontenttask-vsgraphics.15176.write.1.tlog
c:\users\gc1809\desktop\gametemplate\tkengine\x64\debug_low\tkengine.tlog\meshcontenttask-vsgraphics.16072.read.1.tlog
c:\users\gc1809\desktop\gametemplate\tkengine\x64\debug_low\tkengine.tlog\meshcontenttask-vsgraphics.16072.write.1.tlog
c:\users\gc1809\desktop\gametemplate\tkengine\x64\debug_low\tkengine.tlog\meshcontenttask-vsgraphics.5460.read.1.tlog
c:\users\gc1809\desktop\gametemplate\tkengine\x64\debug_low\tkengine.tlog\meshcontenttask-vsgraphics.5460.write.1.tlog
c:\users\gc1809\desktop\gametemplate\tkengine\x64\debug_low\tkengine.tlog\meshcontenttask-vsgraphics.9832.read.1.tlog
c:\users\gc1809\desktop\gametemplate\tkengine\x64\debug_low\tkengine.tlog\meshcontenttask-vsgraphics.9832.write.1.tlog
c:\users\gc1809\desktop\gametemplate\tkengine\x64\debug_low\tkengine.tlog\meshcontenttask-vsgraphics.read.1.tlog
c:\users\gc1809\desktop\gametemplate\tkengine\x64\debug_low\tkengine.tlog\meshcontenttask-vsgraphics.write.1.tlog
