  Assets\modelData\preset\vector.FBX
  tkEnginePreCompile.cpp
  tkCameraCollisionSolver.cpp
  tkSpringCamera.cpp
  tkCharacterController.cpp
  tkObjectFrustumCulling.cpp
  tkVectorRender.cpp
  tkGameObject.cpp
  tkgameobjectmanager.cpp
  tkTransform.cpp
  tkSprite.cpp
  tkSpriteRender.cpp
  tkAnimationFootIK.cpp
  tkAnimation.cpp
  tkAnimationClip.cpp
  tkAnimationPlayController.cpp
  tkEffect.cpp
  tkEffectEngine.cpp
  tkFont.cpp
  tkConstantBuffer.cpp
  tkGPUBuffer.cpp
  tkIndexBuffer.cpp
  コードを生成中...
  コンパイル中...
  tkStructuredBuffer.cpp
  tkVertexBuffer.cpp
  tkShaderResourceView.cpp
  tkUnorderedAccessView.cpp
  tkBloom.cpp
  tkDithering.cpp
  tkFxaa.cpp
  tkPostEffect.cpp
  tkScreenSpaceReflection.cpp
  tkTonemap.cpp
  tkGBufferRender.cpp
  tkLightCulling.cpp
  tkPreRender.cpp
  tkShadowCaster.cpp
  tkShadowMap.cpp
  tkBlur.cpp
  tkCamera.cpp
  tkGPUEventMarker.cpp
  tkGraphicsEngine.cpp
  tkPresetRenderState.cpp
  コードを生成中...
  コンパイル中...
  tkPresetSamplerState.cpp
  tkPrimitive.cpp
  tkRenderContext.cpp
  tkRenderTarget.cpp
  tkSamplerState.cpp
  tkShader.cpp
  tkShadowBlur.cpp
  tkSkeleton.cpp
  tkSkinModel.cpp
  tkSkinModelData.cpp
  tkSkinModelRender.cpp
  tkHUDNode_Font.cpp
  tkHUDNode_Sprite.cpp
  tkHUD.cpp
  tkPad.cpp
  tkLevel.cpp
  tkMapChip.cpp
  tkDirectionLight.cpp
  tkLightBase.cpp
  tkLightManager.cpp
  コードを生成中...
  コンパイル中...
  tkPointLight.cpp
  tkAabb.cpp
  tkBox.cpp
  tkMath.cpp
  tkMatrix.cpp
  tkVector.cpp
  tkBoxCollider.cpp
  tkCapsuleCollider.cpp
  tkMeshCollider.cpp
  tkPhysics.cpp
  tkPhysicsDebugDraw.cpp
  tkPhysicsGhostObject.cpp
  tkPhysicsStaticObject.cpp
  tkRigidBody.cpp
  tkSphereCollider.cpp
  tkRandom.cpp
  tkDirectXModelResource.cpp
  tkShaderResources.cpp
  tkSoundEngine.cpp
  tkSoundSource.cpp
  コードを生成中...
  コンパイル中...
  tkWaveFile.cpp
  tkWaveFileBank.cpp
  tkEngine.cpp
  コードを生成中...
XAudio2.lib(XAudio2_9.dll) : warning LNK4006: __NULL_IMPORT_DESCRIPTOR は XInput.lib(XINPUT1_4.dll) で定義されています。2 つ目以降の定義は無視されます。
XAudio2.lib(XAudio2_9.dll) : warning LNK4221: このオブジェクト ファイルは、以前に未定義であったパブリック シンボルを定義していないため、このライブラリを使用するリンク操作では使用されません
Effekseer.Debug.lib(Effekseer.EffectNodeRoot.obj) : warning LNK4221: このオブジェクト ファイルは、以前に未定義であったパブリック シンボルを定義していないため、このライブラリを使用するリンク操作では使用されません
EffekseerRendererDX11.Debug.lib(EffekseerRenderer.Renderer.obj) : warning LNK4221: このオブジェクト ファイルは、以前に未定義であったパブリック シンボルを定義していないため、このライブラリを使用するリンク操作では使用されません
EffekseerRendererDX11.Debug.lib(EffekseerRenderer.RibbonRendererBase.obj) : warning LNK4221: このオブジェクト ファイルは、以前に未定義であったパブリック シンボルを定義していないため、このライブラリを使用するリンク操作では使用されません
EffekseerRendererDX11.Debug.lib(EffekseerRenderer.RingRendererBase.obj) : warning LNK4221: このオブジェクト ファイルは、以前に未定義であったパブリック シンボルを定義していないため、このライブラリを使用するリンク操作では使用されません
EffekseerRendererDX11.Debug.lib(EffekseerRenderer.SpriteRendererBase.obj) : warning LNK4221: このオブジェクト ファイルは、以前に未定義であったパブリック シンボルを定義していないため、このライブラリを使用するリンク操作では使用されません
EffekseerRendererDX11.Debug.lib(EffekseerRenderer.TrackRendererBase.obj) : warning LNK4221: このオブジェクト ファイルは、以前に未定義であったパブリック シンボルを定義していないため、このライブラリを使用するリンク操作では使用されません
BulletCollision_Debug.lib(btBroadphaseProxy.obj) : warning LNK4221: このオブジェクト ファイルは、以前に未定義であったパブリック シンボルを定義していないため、このライブラリを使用するリンク操作では使用されません
tkCapsuleCollider.obj : warning LNK4221: このオブジェクト ファイルは、以前に未定義であったパブリック シンボルを定義していないため、このライブラリを使用するリンク操作では使用されません
tkMath.obj : warning LNK4221: このオブジェクト ファイルは、以前に未定義であったパブリック シンボルを定義していないため、このライブラリを使用するリンク操作では使用されません
tkGPUEventMarker.obj : warning LNK4221: このオブジェクト ファイルは、以前に未定義であったパブリック シンボルを定義していないため、このライブラリを使用するリンク操作では使用されません
tkGameObject.obj : warning LNK4221: このオブジェクト ファイルは、以前に未定義であったパブリック シンボルを定義していないため、このライブラリを使用するリンク操作では使用されません
  tkEngine.vcxproj -> C:\Users\GC1809\Desktop\3D Action\Game\x64\Debug_Low\tkEngine.lib
